<?xml version="1.0" encoding="UTF-8"?>
<!-- Generated by org.testng.reporters.JUnitReportReporter -->
<testsuite hostname="Krutarths-MacBook-Air.local" failures="0" tests="2" name="com.qa.tests.HomePageTest" time="8.901" errors="0" timestamp="2022-01-07T23:42:11 EST" skipped="0">
  <testcase classname="com.qa.tests.HomePageTest" name="dailyDealsPage" time="5.540"/>
  <system-out/>
  <testcase classname="com.qa.tests.HomePageTest" name="checkHeaderSizeTest" time="3.361"/>
  <system-out/>
</testsuite> <!-- com.qa.tests.HomePageTest -->
